Removed Pin From Net: NetName=GND Pin=C7-1
Removed Pin From Net: NetName=+15V Pin=C7-2
Removed Pin From Net: NetName=GND Pin=C8-1
Removed Pin From Net: NetName=+9V Pin=C8-2
Removed Pin From Net: NetName=GND Pin=C9-1
Removed Pin From Net: NetName=-15V Pin=C9-2
Removed Pin From Net: NetName=GND Pin=C10-1
Removed Pin From Net: NetName=-9V Pin=C10-2
Removed Member From Class: ClassName=CurrentS_2 Member=C7
Removed Member From Class: ClassName=CurrentS_2 Member=C8
Removed Member From Class: ClassName=CurrentS_2 Member=C9
Removed Member From Class: ClassName=CurrentS_2 Member=C10
Added Pin To Net: NetName=+9V Pin=C21-2
Added Pin To Net: NetName=-9V Pin=C22-2
Added Pin To Net: NetName=+9V Pin=C31-2
Added Pin To Net: NetName=-9V Pin=C32-2
Added Pin To Net: NetName=-9V Pin=U21-4
Added Pin To Net: NetName=+9V Pin=U21-8
Added Pin To Net: NetName=-9V Pin=U31-4
Added Pin To Net: NetName=+9V Pin=U31-8
