Replace Part C1 CAP1 in C:\Users\Public\Documents\Altium\Projects\CurrentMeasurement_V2\CurrentS_2.SchDoc with CAP1 from US2006.IntLib
Replace Part C2 ECAP in C:\Users\Public\Documents\Altium\Projects\CurrentMeasurement_V2\CurrentS_2.SchDoc with ECAP from US2006.IntLib
Replace Part C3 CAP1 in C:\Users\Public\Documents\Altium\Projects\CurrentMeasurement_V2\CurrentS_2.SchDoc with CAP1 from US2006.IntLib
Replace Part C4 ECAP in C:\Users\Public\Documents\Altium\Projects\CurrentMeasurement_V2\CurrentS_2.SchDoc with ECAP from US2006.IntLib
Replace Part C5 CAP1 in C:\Users\Public\Documents\Altium\Projects\CurrentMeasurement_V2\CurrentS_2.SchDoc with CAP1 from US2006.IntLib
Replace Part C6 ECAP in C:\Users\Public\Documents\Altium\Projects\CurrentMeasurement_V2\CurrentS_2.SchDoc with ECAP from US2006.IntLib
Replace Part C11 CAP1 in C:\Users\Public\Documents\Altium\Projects\CurrentMeasurement_V2\CurrentS_2.SchDoc with CAP1 from US2006.IntLib
Replace Part C12 CAP1 in C:\Users\Public\Documents\Altium\Projects\CurrentMeasurement_V2\CurrentS_2.SchDoc with CAP1 from US2006.IntLib
Replace Part C13 CAP1 in C:\Users\Public\Documents\Altium\Projects\CurrentMeasurement_V2\CurrentS_2.SchDoc with CAP1 from US2006.IntLib
Replace Part C14 CAP1 in C:\Users\Public\Documents\Altium\Projects\CurrentMeasurement_V2\CurrentS_2.SchDoc with CAP1 from US2006.IntLib
Replace Part C21 CAP1 in C:\Users\Public\Documents\Altium\Projects\CurrentMeasurement_V2\CurrentS_2.SchDoc with CAP1 from US2006.IntLib
Replace Part C22 CAP1 in C:\Users\Public\Documents\Altium\Projects\CurrentMeasurement_V2\CurrentS_2.SchDoc with CAP1 from US2006.IntLib
Replace Part C23 CAP1 in C:\Users\Public\Documents\Altium\Projects\CurrentMeasurement_V2\CurrentS_2.SchDoc with CAP1 from US2006.IntLib
Replace Part C24 CAP1 in C:\Users\Public\Documents\Altium\Projects\CurrentMeasurement_V2\CurrentS_2.SchDoc with CAP1 from US2006.IntLib
Replace Part C31 CAP1 in C:\Users\Public\Documents\Altium\Projects\CurrentMeasurement_V2\CurrentS_2.SchDoc with CAP1 from US2006.IntLib
Replace Part C32 CAP1 in C:\Users\Public\Documents\Altium\Projects\CurrentMeasurement_V2\CurrentS_2.SchDoc with CAP1 from US2006.IntLib
Replace Part C33 CAP1 in C:\Users\Public\Documents\Altium\Projects\CurrentMeasurement_V2\CurrentS_2.SchDoc with CAP1 from US2006.IntLib
Replace Part C34 CAP1 in C:\Users\Public\Documents\Altium\Projects\CurrentMeasurement_V2\CurrentS_2.SchDoc with CAP1 from US2006.IntLib
Replace Part CS1 LA 125-P in C:\Users\Public\Documents\Altium\Projects\CurrentMeasurement_V2\CurrentS_2.SchDoc with LA 125-P from Kyle_SchemticComponents.SchLib
Replace Part CS2 LA 125-P in C:\Users\Public\Documents\Altium\Projects\CurrentMeasurement_V2\CurrentS_2.SchDoc with LA 125-P from Kyle_SchemticComponents.SchLib
Replace Part CS3 LA 125-P in C:\Users\Public\Documents\Altium\Projects\CurrentMeasurement_V2\CurrentS_2.SchDoc with LA 125-P from Kyle_SchemticComponents.SchLib
Replace Part DS1 LED-GREEN-AK-2 in C:\Users\Public\Documents\Altium\Projects\CurrentMeasurement_V2\CurrentS_2.SchDoc with LED-GREEN-AK-2 from Altium Content Vault
Replace Part DS2 LED-GREEN-AK-2 in C:\Users\Public\Documents\Altium\Projects\CurrentMeasurement_V2\CurrentS_2.SchDoc with LED-GREEN-AK-2 from Altium Content Vault
Replace Part J1 CON2 in C:\Users\Public\Documents\Altium\Projects\CurrentMeasurement_V2\CurrentS_2.SchDoc with CON2 from US2006.IntLib
Replace Part J2 CON2 in C:\Users\Public\Documents\Altium\Projects\CurrentMeasurement_V2\CurrentS_2.SchDoc with CON2 from US2006.IntLib
Replace Part R1 Res1 in C:\Users\Public\Documents\Altium\Projects\CurrentMeasurement_V2\CurrentS_2.SchDoc with Res1 from US2006.IntLib
Replace Part R2 Res1 in C:\Users\Public\Documents\Altium\Projects\CurrentMeasurement_V2\CurrentS_2.SchDoc with Res1 from US2006.IntLib
Replace Part R11 Res1 in C:\Users\Public\Documents\Altium\Projects\CurrentMeasurement_V2\CurrentS_2.SchDoc with Res1 from US2006.IntLib
Replace Part R12 Res1 in C:\Users\Public\Documents\Altium\Projects\CurrentMeasurement_V2\CurrentS_2.SchDoc with Res1 from US2006.IntLib
Replace Part R13 Res1 in C:\Users\Public\Documents\Altium\Projects\CurrentMeasurement_V2\CurrentS_2.SchDoc with Res1 from US2006.IntLib
Replace Part R14 Res1 in C:\Users\Public\Documents\Altium\Projects\CurrentMeasurement_V2\CurrentS_2.SchDoc with Res1 from US2006.IntLib
Replace Part R15 Res1 in C:\Users\Public\Documents\Altium\Projects\CurrentMeasurement_V2\CurrentS_2.SchDoc with Res1 from US2006.IntLib
Replace Part R16 Res1 in C:\Users\Public\Documents\Altium\Projects\CurrentMeasurement_V2\CurrentS_2.SchDoc with Res1 from US2006.IntLib
Replace Part R17 Res1 in C:\Users\Public\Documents\Altium\Projects\CurrentMeasurement_V2\CurrentS_2.SchDoc with Res1 from US2006.IntLib
Replace Part R21 Res1 in C:\Users\Public\Documents\Altium\Projects\CurrentMeasurement_V2\CurrentS_2.SchDoc with Res1 from US2006.IntLib
Replace Part R22 Res1 in C:\Users\Public\Documents\Altium\Projects\CurrentMeasurement_V2\CurrentS_2.SchDoc with Res1 from US2006.IntLib
Replace Part R23 Res1 in C:\Users\Public\Documents\Altium\Projects\CurrentMeasurement_V2\CurrentS_2.SchDoc with Res1 from US2006.IntLib
Replace Part R24 Res1 in C:\Users\Public\Documents\Altium\Projects\CurrentMeasurement_V2\CurrentS_2.SchDoc with Res1 from US2006.IntLib
Replace Part R25 Res1 in C:\Users\Public\Documents\Altium\Projects\CurrentMeasurement_V2\CurrentS_2.SchDoc with Res1 from US2006.IntLib
Replace Part R26 Res1 in C:\Users\Public\Documents\Altium\Projects\CurrentMeasurement_V2\CurrentS_2.SchDoc with Res1 from US2006.IntLib
Replace Part R27 Res1 in C:\Users\Public\Documents\Altium\Projects\CurrentMeasurement_V2\CurrentS_2.SchDoc with Res1 from US2006.IntLib
Replace Part R31 Res1 in C:\Users\Public\Documents\Altium\Projects\CurrentMeasurement_V2\CurrentS_2.SchDoc with Res1 from US2006.IntLib
Replace Part R32 Res1 in C:\Users\Public\Documents\Altium\Projects\CurrentMeasurement_V2\CurrentS_2.SchDoc with Res1 from US2006.IntLib
Replace Part R33 Res1 in C:\Users\Public\Documents\Altium\Projects\CurrentMeasurement_V2\CurrentS_2.SchDoc with Res1 from US2006.IntLib
Replace Part R34 Res1 in C:\Users\Public\Documents\Altium\Projects\CurrentMeasurement_V2\CurrentS_2.SchDoc with Res1 from US2006.IntLib
Replace Part R35 Res1 in C:\Users\Public\Documents\Altium\Projects\CurrentMeasurement_V2\CurrentS_2.SchDoc with Res1 from US2006.IntLib
Replace Part R36 Res1 in C:\Users\Public\Documents\Altium\Projects\CurrentMeasurement_V2\CurrentS_2.SchDoc with Res1 from US2006.IntLib
Replace Part R37 Res1 in C:\Users\Public\Documents\Altium\Projects\CurrentMeasurement_V2\CurrentS_2.SchDoc with Res1 from US2006.IntLib
Replace Part U1 PDQ15-Q24-D15-D in C:\Users\Public\Documents\Altium\Projects\CurrentMeasurement_V2\CurrentS_2.SchDoc with PDQ15-Q24-D15-D from Kyle_SchemticComponents.SchLib
Replace Part U11 TI-OPA-8_2 in C:\Users\Public\Documents\Altium\Projects\CurrentMeasurement_V2\CurrentS_2.SchDoc with TI-OPA-8_2 from Altium Content Vault
Replace Part U11 TI-OPA-8_2 in C:\Users\Public\Documents\Altium\Projects\CurrentMeasurement_V2\CurrentS_2.SchDoc with TI-OPA-8_2 from Altium Content Vault
Replace Part U21 TI-OPA-8_2 in C:\Users\Public\Documents\Altium\Projects\CurrentMeasurement_V2\CurrentS_2.SchDoc with TI-OPA-8_2 from Altium Content Vault
Replace Part U21 TI-OPA-8_2 in C:\Users\Public\Documents\Altium\Projects\CurrentMeasurement_V2\CurrentS_2.SchDoc with TI-OPA-8_2 from Altium Content Vault
Replace Part U31 TI-OPA-8_2 in C:\Users\Public\Documents\Altium\Projects\CurrentMeasurement_V2\CurrentS_2.SchDoc with TI-OPA-8_2 from Altium Content Vault
Replace Part U? TI-OPA-8_2 in C:\Users\Public\Documents\Altium\Projects\CurrentMeasurement_V2\CurrentS_2.SchDoc with TI-OPA-8_2 from Altium Content Vault
Replace Part W11 RPot1 in C:\Users\Public\Documents\Altium\Projects\CurrentMeasurement_V2\CurrentS_2.SchDoc with RPot1 from US2006.IntLib
Replace Part W21 RPot1 in C:\Users\Public\Documents\Altium\Projects\CurrentMeasurement_V2\CurrentS_2.SchDoc with RPot1 from US2006.IntLib
Replace Part W31 RPot1 in C:\Users\Public\Documents\Altium\Projects\CurrentMeasurement_V2\CurrentS_2.SchDoc with RPot1 from US2006.IntLib
