Added Component: Designator=C31(1210)
Add component. Clean all parameters for all variants
Add component (AddParameter): Name = "Class I"; Value = "Passive"; VariantName = "[No Variations]"
Add component (AddParameter): Name = "Class II"; Value = "Capacitor"; VariantName = "[No Variations]"
Add component (AddParameter): Name = "Manufacturer"; Value = "Generic Components"; VariantName = "[No Variations]"
Add component (AddParameter): Name = "Published"; Value = "8-Jun-2000"; VariantName = "[No Variations]"
Add component (AddParameter): Name = "Publisher"; Value = "Altium Limited"; VariantName = "[No Variations]"
Add component (AddParameter): Name = "Revision"; Value = "July-2002: Re-released for DXP Platform."; VariantName = "[No Variations]"
Add component (AddParameter): Name = "Value"; Value = "100pF"; VariantName = "[No Variations]"
Added Component: Designator=C32(1210)
Add component. Clean all parameters for all variants
Add component (AddParameter): Name = "Class I"; Value = "Passive"; VariantName = "[No Variations]"
Add component (AddParameter): Name = "Class II"; Value = "Capacitor"; VariantName = "[No Variations]"
Add component (AddParameter): Name = "Manufacturer"; Value = "Generic Components"; VariantName = "[No Variations]"
Add component (AddParameter): Name = "Published"; Value = "8-Jun-2000"; VariantName = "[No Variations]"
Add component (AddParameter): Name = "Publisher"; Value = "Altium Limited"; VariantName = "[No Variations]"
Add component (AddParameter): Name = "Revision"; Value = "July-2002: Re-released for DXP Platform."; VariantName = "[No Variations]"
Add component (AddParameter): Name = "Value"; Value = "100pF"; VariantName = "[No Variations]"
Added Component: Designator=C33(1210)
Add component. Clean all parameters for all variants
Add component (AddParameter): Name = "Class I"; Value = "Passive"; VariantName = "[No Variations]"
Add component (AddParameter): Name = "Class II"; Value = "Capacitor"; VariantName = "[No Variations]"
Add component (AddParameter): Name = "Manufacturer"; Value = "Generic Components"; VariantName = "[No Variations]"
Add component (AddParameter): Name = "Published"; Value = "8-Jun-2000"; VariantName = "[No Variations]"
Add component (AddParameter): Name = "Publisher"; Value = "Altium Limited"; VariantName = "[No Variations]"
Add component (AddParameter): Name = "Revision"; Value = "July-2002: Re-released for DXP Platform."; VariantName = "[No Variations]"
Add component (AddParameter): Name = "Value"; Value = "100pF"; VariantName = "[No Variations]"
Added Component: Designator=C34(1210)
Add component. Clean all parameters for all variants
Add component (AddParameter): Name = "Class I"; Value = "Passive"; VariantName = "[No Variations]"
Add component (AddParameter): Name = "Class II"; Value = "Capacitor"; VariantName = "[No Variations]"
Add component (AddParameter): Name = "Manufacturer"; Value = "Generic Components"; VariantName = "[No Variations]"
Add component (AddParameter): Name = "Published"; Value = "8-Jun-2000"; VariantName = "[No Variations]"
Add component (AddParameter): Name = "Publisher"; Value = "Altium Limited"; VariantName = "[No Variations]"
Add component (AddParameter): Name = "Revision"; Value = "July-2002: Re-released for DXP Platform."; VariantName = "[No Variations]"
Add component (AddParameter): Name = "Value"; Value = "100pF"; VariantName = "[No Variations]"
Added Component: Designator=CS3(LA 125-P)
Add component. Clean all parameters for all variants
Add component (AddParameter): Name = "Supplier 1"; Value = "Allied Electronics"; VariantName = "[No Variations]"
Add component (AddParameter): Name = "Supplier Part Number 1"; Value = "R1039558"; VariantName = "[No Variations]"
Added Component: Designator=R31(0805)
Add component. Clean all parameters for all variants
Add component (AddParameter): Name = "Class I"; Value = "Passive"; VariantName = "[No Variations]"
Add component (AddParameter): Name = "Class II"; Value = "Resistor"; VariantName = "[No Variations]"
Add component (AddParameter): Name = "Manufacturer"; Value = "Generic Components"; VariantName = "[No Variations]"
Add component (AddParameter): Name = "Published"; Value = "8-Jun-2000"; VariantName = "[No Variations]"
Add component (AddParameter): Name = "Publisher"; Value = "Altium Limited"; VariantName = "[No Variations]"
Add component (AddParameter): Name = "Revision"; Value = "July-2002: Re-released for DXP Platform."; VariantName = "[No Variations]"
Add component (AddParameter): Name = "Value"; Value = "1K"; VariantName = "[No Variations]"
Added Component: Designator=R32(0805)
Add component. Clean all parameters for all variants
Add component (AddParameter): Name = "Class I"; Value = "Passive"; VariantName = "[No Variations]"
Add component (AddParameter): Name = "Class II"; Value = "Resistor"; VariantName = "[No Variations]"
Add component (AddParameter): Name = "Manufacturer"; Value = "Generic Components"; VariantName = "[No Variations]"
Add component (AddParameter): Name = "Published"; Value = "8-Jun-2000"; VariantName = "[No Variations]"
Add component (AddParameter): Name = "Publisher"; Value = "Altium Limited"; VariantName = "[No Variations]"
Add component (AddParameter): Name = "Revision"; Value = "July-2002: Re-released for DXP Platform."; VariantName = "[No Variations]"
Add component (AddParameter): Name = "Value"; Value = "1K"; VariantName = "[No Variations]"
Added Component: Designator=R33(0805)
Add component. Clean all parameters for all variants
Add component (AddParameter): Name = "Class I"; Value = "Passive"; VariantName = "[No Variations]"
Add component (AddParameter): Name = "Class II"; Value = "Resistor"; VariantName = "[No Variations]"
Add component (AddParameter): Name = "Manufacturer"; Value = "Generic Components"; VariantName = "[No Variations]"
Add component (AddParameter): Name = "Published"; Value = "8-Jun-2000"; VariantName = "[No Variations]"
Add component (AddParameter): Name = "Publisher"; Value = "Altium Limited"; VariantName = "[No Variations]"
Add component (AddParameter): Name = "Revision"; Value = "July-2002: Re-released for DXP Platform."; VariantName = "[No Variations]"
Add component (AddParameter): Name = "Value"; Value = "1K"; VariantName = "[No Variations]"
Added Component: Designator=R34(0805)
Add component. Clean all parameters for all variants
Add component (AddParameter): Name = "Class I"; Value = "Passive"; VariantName = "[No Variations]"
Add component (AddParameter): Name = "Class II"; Value = "Resistor"; VariantName = "[No Variations]"
Add component (AddParameter): Name = "Manufacturer"; Value = "Generic Components"; VariantName = "[No Variations]"
Add component (AddParameter): Name = "Published"; Value = "8-Jun-2000"; VariantName = "[No Variations]"
Add component (AddParameter): Name = "Publisher"; Value = "Altium Limited"; VariantName = "[No Variations]"
Add component (AddParameter): Name = "Revision"; Value = "July-2002: Re-released for DXP Platform."; VariantName = "[No Variations]"
Add component (AddParameter): Name = "Value"; Value = "1K"; VariantName = "[No Variations]"
Added Component: Designator=R35(0805)
Add component. Clean all parameters for all variants
Add component (AddParameter): Name = "Class I"; Value = "Passive"; VariantName = "[No Variations]"
Add component (AddParameter): Name = "Class II"; Value = "Resistor"; VariantName = "[No Variations]"
Add component (AddParameter): Name = "Manufacturer"; Value = "Generic Components"; VariantName = "[No Variations]"
Add component (AddParameter): Name = "Published"; Value = "8-Jun-2000"; VariantName = "[No Variations]"
Add component (AddParameter): Name = "Publisher"; Value = "Altium Limited"; VariantName = "[No Variations]"
Add component (AddParameter): Name = "Revision"; Value = "July-2002: Re-released for DXP Platform."; VariantName = "[No Variations]"
Add component (AddParameter): Name = "Value"; Value = "1K"; VariantName = "[No Variations]"
Added Component: Designator=R36(0805)
Add component. Clean all parameters for all variants
Add component (AddParameter): Name = "Class I"; Value = "Passive"; VariantName = "[No Variations]"
Add component (AddParameter): Name = "Class II"; Value = "Resistor"; VariantName = "[No Variations]"
Add component (AddParameter): Name = "Manufacturer"; Value = "Generic Components"; VariantName = "[No Variations]"
Add component (AddParameter): Name = "Published"; Value = "8-Jun-2000"; VariantName = "[No Variations]"
Add component (AddParameter): Name = "Publisher"; Value = "Altium Limited"; VariantName = "[No Variations]"
Add component (AddParameter): Name = "Revision"; Value = "July-2002: Re-released for DXP Platform."; VariantName = "[No Variations]"
Add component (AddParameter): Name = "Value"; Value = "1K"; VariantName = "[No Variations]"
Added Component: Designator=R37(0805)
Add component. Clean all parameters for all variants
Add component (AddParameter): Name = "Class I"; Value = "Passive"; VariantName = "[No Variations]"
Add component (AddParameter): Name = "Class II"; Value = "Resistor"; VariantName = "[No Variations]"
Add component (AddParameter): Name = "Manufacturer"; Value = "Generic Components"; VariantName = "[No Variations]"
Add component (AddParameter): Name = "Published"; Value = "8-Jun-2000"; VariantName = "[No Variations]"
Add component (AddParameter): Name = "Publisher"; Value = "Altium Limited"; VariantName = "[No Variations]"
Add component (AddParameter): Name = "Revision"; Value = "July-2002: Re-released for DXP Platform."; VariantName = "[No Variations]"
Add component (AddParameter): Name = "Value"; Value = "1K"; VariantName = "[No Variations]"
Added Component: Designator=U31(P0008A)
Add component. Clean all parameters for all variants
Add component (AddParameter): Name = "Channel"; Value = ""; VariantName = "[No Variations]"
Add component (AddParameter): Name = "CMRR(Min)(dB)"; Value = "96"; VariantName = "[No Variations]"
Add component (AddParameter): Name = "Code_JEDEC"; Value = "MS-001"; VariantName = "[No Variations]"
Add component (AddParameter): Name = "ComponentLink1Description"; Value = "Manufacturer URL"; VariantName = "[No Variations]"
Add component (AddParameter): Name = "ComponentLink1URL"; Value = "http://www.ti.com/"; VariantName = "[No Variations]"
Add component (AddParameter): Name = "ComponentLink2Description"; Value = "Datasheet"; VariantName = "[No Variations]"
Add component (AddParameter): Name = "ComponentLink2URL"; Value = "http://www.ti.com/lit/ds/symlink/opa2132.pdf"; VariantName = "[No Variations]"
Add component (AddParameter): Name = "ComponentLink3Description"; Value = "Package Specification"; VariantName = "[No Variations]"
Add component (AddParameter): Name = "ComponentLink3URL"; Value = "http://www.ti.com/litv/pdf/mpdi001b"; VariantName = "[No Variations]"
Add component (AddParameter): Name = "DatasheetVersion"; Value = "SBOS054A"; VariantName = "[No Variations]"
Add component (AddParameter): Name = "Eco-Plan"; Value = "Green (RoHS & no Sb/Br)"; VariantName = "[No Variations]"
Add component (AddParameter): Name = "Gain Bandwidth"; Value = ""; VariantName = "[No Variations]"
Add component (AddParameter): Name = "GBW(Typ)(MHz)"; Value = "8"; VariantName = "[No Variations]"
Add component (AddParameter): Name = "IIB(Max)(pA)"; Value = "50"; VariantName = "[No Variations]"
Add component (AddParameter): Name = "Iq per channel(Max)(mA)"; Value = "4.8"; VariantName = "[No Variations]"
Add component (AddParameter): Name = "Manufacturer"; Value = "Texas Instruments"; VariantName = "[No Variations]"
Add component (AddParameter): Name = "Mounting Technology"; Value = "Through Hole"; VariantName = "[No Variations]"
Add component (AddParameter): Name = "Number of Channels"; Value = "2"; VariantName = "[No Variations]"
Add component (AddParameter): Name = "Offset Drift(Typ)(uV/C)"; Value = "2"; VariantName = "[No Variations]"
Add component (AddParameter): Name = "PackageDescription"; Value = "8-Pin Plastic In-Line, Body 9.59 x 6.35 mm, Pitch 2.54 mm"; VariantName = "[No Variations]"
Add component (AddParameter): Name = "PackageReference"; Value = "P0008A"; VariantName = "[No Variations]"
Add component (AddParameter): Name = "PackageVersion"; Value = "4040082/E, 04/2010"; VariantName = "[No Variations]"
Add component (AddParameter): Name = "Packing"; Value = "TUBE"; VariantName = "[No Variations]"
Add component (AddParameter): Name = "PartNumber"; Value = "OPA2132P"; VariantName = "[No Variations]"
Add component (AddParameter): Name = "Rating"; Value = "Catalog"; VariantName = "[No Variations]"
Add component (AddParameter): Name = "RevisionNote"; Value = ""; VariantName = "[No Variations]"
Add component (AddParameter): Name = "RoHS"; Value = ""; VariantName = "[No Variations]"
Add component (AddParameter): Name = "Slew Rate"; Value = ""; VariantName = "[No Variations]"
Add component (AddParameter): Name = "Slew Rate(Typ)(V/us)"; Value = "20"; VariantName = "[No Variations]"
Add component (AddParameter): Name = "Sub Family"; Value = "High Supply Voltage Amplifier (>=30V), Low Noise Amp (<=10nV/rtHz), Low Offset Voltage Amplifier (<=500uV), Precision Amplifier"; VariantName = "[No Variations]"
Add component (AddParameter): Name = "SubFamily"; Value = ""; VariantName = "[No Variations]"
Add component (AddParameter): Name = "Supply Voltage Max"; Value = ""; VariantName = "[No Variations]"
Add component (AddParameter): Name = "Supply Voltage Min"; Value = ""; VariantName = "[No Variations]"
Add component (AddParameter): Name = "Temperature Max"; Value = ""; VariantName = "[No Variations]"
Add component (AddParameter): Name = "Temperature Min"; Value = ""; VariantName = "[No Variations]"
Add component (AddParameter): Name = "Total Supply Voltage(Max)(+5V is 5, +/-5V is 10)"; Value = "36"; VariantName = "[No Variations]"
Add component (AddParameter): Name = "Total Supply Voltage(Min)(+5V is 5, +/-5V is 10)"; Value = "5"; VariantName = "[No Variations]"
Add component (AddParameter): Name = "Vio (25C)(Max)(mV)"; Value = "0.5"; VariantName = "[No Variations]"
Add component (AddParameter): Name = "Vmax(V)"; Value = ""; VariantName = "[No Variations]"
Add component (AddParameter): Name = "Vmin(V)"; Value = ""; VariantName = "[No Variations]"
Add component (AddParameter): Name = "Vn at 1kHz(Typ)(nV/rtHz)"; Value = ""; VariantName = "[No Variations]"
Added Component: Designator=U32(5-1814400-1)
Add component. Clean all parameters for all variants
Add component (AddParameter): Name = "Copyright"; Value = "Copyright (C) 2015 Accelerated Designs. All rights reserved"; VariantName = "[No Variations]"
Add component (AddParameter): Name = "Manufacturer_Part_Number"; Value = "5-1634513-1"; VariantName = "[No Variations]"
Add component (AddParameter): Name = "RefDes"; Value = "RefDes"; VariantName = "[No Variations]"
Add component (AddParameter): Name = "Type"; Value = "Type"; VariantName = "[No Variations]"
Add component (AddParameter): Name = "Value"; Value = "Value"; VariantName = "[No Variations]"
Add component (AddParameter): Name = "Vendor"; Value = "Tyco Electronics"; VariantName = "[No Variations]"
Added Component: Designator=W31(VR5)
Add component. Clean all parameters for all variants
Add component (AddParameter): Name = "Class I"; Value = "Passive"; VariantName = "[No Variations]"
Add component (AddParameter): Name = "Class II"; Value = "Potentiometer"; VariantName = "[No Variations]"
Add component (AddParameter): Name = "Manufacturer"; Value = "Generic Components"; VariantName = "[No Variations]"
Add component (AddParameter): Name = "Published"; Value = "8-Jun-2000"; VariantName = "[No Variations]"
Add component (AddParameter): Name = "Publisher"; Value = "Altium Limited"; VariantName = "[No Variations]"
Add component (AddParameter): Name = "Revision"; Value = "July-2002: Re-released for DXP Platform."; VariantName = "[No Variations]"
Add component (AddParameter): Name = "Set Position"; Value = "0.5"; VariantName = "[No Variations]"
Add component (AddParameter): Name = "Value"; Value = "1K"; VariantName = "[No Variations]"
Added Pin To Net: NetName=GND Pin=C31-1
Added Pin To Net: NetName=GND Pin=C32-1
Added Pin To Net: NetName=GND Pin=C34-1
Added Pin To Net: NetName=+15V Pin=CS3-2
Added Pin To Net: NetName=-15V Pin=CS3-3
Added Pin To Net: NetName=GND Pin=R31-1
Added Pin To Net: NetName=GND Pin=R36-2
Added Pin To Net: NetName=GND Pin=U32-2
Added Pin To Net: NetName=GND Pin=U32-3
Added Pin To Net: NetName=GND Pin=U32-4
Added Pin To Net: NetName=GND Pin=U32-5
Added Pin To Net: NetName=GND Pin=W31-1
Added Pin To Net: NetName=NetC31_2 Pin=C31-2
Added Pin To Net: NetName=NetC31_2 Pin=U31-8
Added Net: Name=NetC31_2
Added Pin To Net: NetName=NetC32_2 Pin=C32-2
Added Pin To Net: NetName=NetC32_2 Pin=U31-4
Added Net: Name=NetC32_2
Added Pin To Net: NetName=NetC33_1 Pin=C33-1
Added Pin To Net: NetName=NetC33_1 Pin=R32-1
Added Pin To Net: NetName=NetC33_1 Pin=R33-2
Added Net: Name=NetC33_1
Added Pin To Net: NetName=NetC33_2 Pin=C33-2
Added Pin To Net: NetName=NetC33_2 Pin=R34-1
Added Pin To Net: NetName=NetC33_2 Pin=U31-2
Added Pin To Net: NetName=NetC33_2 Pin=U31-5
Added Net: Name=NetC33_2
Added Pin To Net: NetName=NetC34_2 Pin=C34-2
Added Pin To Net: NetName=NetC34_2 Pin=R33-1
Added Pin To Net: NetName=NetC34_2 Pin=U31-3
Added Net: Name=NetC34_2
Added Pin To Net: NetName=NetCS3_1 Pin=CS3-1
Added Pin To Net: NetName=NetCS3_1 Pin=R31-2
Added Pin To Net: NetName=NetCS3_1 Pin=W31-3
Added Net: Name=NetCS3_1
Added Pin To Net: NetName=NetR32_2 Pin=R32-2
Added Pin To Net: NetName=NetR32_2 Pin=W31-2
Added Net: Name=NetR32_2
Added Pin To Net: NetName=NetR34_2 Pin=R34-2
Added Pin To Net: NetName=NetR34_2 Pin=U31-1
Added Net: Name=NetR34_2
Added Pin To Net: NetName=NetR35_1 Pin=R35-1
Added Pin To Net: NetName=NetR35_1 Pin=R36-1
Added Pin To Net: NetName=NetR35_1 Pin=R37-2
Added Net: Name=NetR35_1
Added Pin To Net: NetName=NetR35_2 Pin=R35-2
Added Pin To Net: NetName=NetR35_2 Pin=U31-6
Added Pin To Net: NetName=NetR35_2 Pin=U31-7
Added Net: Name=NetR35_2
Added Member To Class: ClassName=CurrentS_2 Member=Component C31 CAP1
Added Member To Class: ClassName=CurrentS_2 Member=Component C32 CAP1
Added Member To Class: ClassName=CurrentS_2 Member=Component C33 CAP1
Added Member To Class: ClassName=CurrentS_2 Member=Component C34 CAP1
Added Member To Class: ClassName=CurrentS_2 Member=Component CS3 LA 125-P
Added Member To Class: ClassName=CurrentS_2 Member=Component R31 Res1
Added Member To Class: ClassName=CurrentS_2 Member=Component R32 Res1
Added Member To Class: ClassName=CurrentS_2 Member=Component R33 Res1
Added Member To Class: ClassName=CurrentS_2 Member=Component R34 Res1
Added Member To Class: ClassName=CurrentS_2 Member=Component R35 Res1
Added Member To Class: ClassName=CurrentS_2 Member=Component R36 Res1
Added Member To Class: ClassName=CurrentS_2 Member=Component R37 Res1
Added Member To Class: ClassName=CurrentS_2 Member=Component U31 OPA2132P
Added Member To Class: ClassName=CurrentS_2 Member=Component U32 BNC jack
Added Member To Class: ClassName=CurrentS_2 Member=Component W31 RPot1
