Added Component: Designator=C7(1206)
Add component. Clean all parameters for all variants
Add component (AddParameter): Name = "Class I"; Value = "Passive"; VariantName = "[No Variations]"
Add component (AddParameter): Name = "Class II"; Value = "Capacitor"; VariantName = "[No Variations]"
Add component (AddParameter): Name = "Manufacturer"; Value = "Generic Components"; VariantName = "[No Variations]"
Add component (AddParameter): Name = "Published"; Value = "8-Jun-2000"; VariantName = "[No Variations]"
Add component (AddParameter): Name = "Publisher"; Value = "Altium Limited"; VariantName = "[No Variations]"
Add component (AddParameter): Name = "Revision"; Value = "July-2002: Re-released for DXP Platform."; VariantName = "[No Variations]"
Add component (AddParameter): Name = "Value"; Value = "100pF"; VariantName = "[No Variations]"
Added Component: Designator=C8(1206)
Add component. Clean all parameters for all variants
Add component (AddParameter): Name = "Class I"; Value = "Passive"; VariantName = "[No Variations]"
Add component (AddParameter): Name = "Class II"; Value = "Capacitor"; VariantName = "[No Variations]"
Add component (AddParameter): Name = "Manufacturer"; Value = "Generic Components"; VariantName = "[No Variations]"
Add component (AddParameter): Name = "Published"; Value = "8-Jun-2000"; VariantName = "[No Variations]"
Add component (AddParameter): Name = "Publisher"; Value = "Altium Limited"; VariantName = "[No Variations]"
Add component (AddParameter): Name = "Revision"; Value = "July-2002: Re-released for DXP Platform."; VariantName = "[No Variations]"
Add component (AddParameter): Name = "Value"; Value = "100pF"; VariantName = "[No Variations]"
Added Component: Designator=C35(1210)
Add component. Clean all parameters for all variants
Add component (AddParameter): Name = "Class I"; Value = "Passive"; VariantName = "[No Variations]"
Add component (AddParameter): Name = "Class II"; Value = "Capacitor"; VariantName = "[No Variations]"
Add component (AddParameter): Name = "Manufacturer"; Value = "Generic Components"; VariantName = "[No Variations]"
Add component (AddParameter): Name = "Published"; Value = "8-Jun-2000"; VariantName = "[No Variations]"
Add component (AddParameter): Name = "Publisher"; Value = "Altium Limited"; VariantName = "[No Variations]"
Add component (AddParameter): Name = "Revision"; Value = "July-2002: Re-released for DXP Platform."; VariantName = "[No Variations]"
Add component (AddParameter): Name = "Value"; Value = "100pF"; VariantName = "[No Variations]"
Added Component: Designator=C36(1210)
Add component. Clean all parameters for all variants
Add component (AddParameter): Name = "Class I"; Value = "Passive"; VariantName = "[No Variations]"
Add component (AddParameter): Name = "Class II"; Value = "Capacitor"; VariantName = "[No Variations]"
Add component (AddParameter): Name = "Manufacturer"; Value = "Generic Components"; VariantName = "[No Variations]"
Add component (AddParameter): Name = "Published"; Value = "8-Jun-2000"; VariantName = "[No Variations]"
Add component (AddParameter): Name = "Publisher"; Value = "Altium Limited"; VariantName = "[No Variations]"
Add component (AddParameter): Name = "Revision"; Value = "July-2002: Re-released for DXP Platform."; VariantName = "[No Variations]"
Add component (AddParameter): Name = "Value"; Value = "100pF"; VariantName = "[No Variations]"
Added Pin To Net: NetName=GND Pin=C7-1
Added Pin To Net: NetName=+15V Pin=C7-2
Added Pin To Net: NetName=GND Pin=C8-1
Added Pin To Net: NetName=-15V Pin=C8-2
Added Pin To Net: NetName=GND Pin=C35-1
Added Pin To Net: NetName=-15V Pin=C35-2
Added Pin To Net: NetName=GND Pin=C36-1
Added Pin To Net: NetName=+15V Pin=C36-2
Added Member To Class: ClassName=CurrentS_2 Member=Component C7 CAP1
Added Member To Class: ClassName=CurrentS_2 Member=Component C8 CAP1
Added Member To Class: ClassName=CurrentS_2 Member=Component C35 CAP1
Added Member To Class: ClassName=CurrentS_2 Member=Component C36 CAP1
