Removed Pin From Net: NetName=-15V Pin=C8-2
Change Component Footprint: Designator=C35 Old Footprint=1210 New Footprint=1206
Change Component Footprint: Designator=C36 Old Footprint=1210 New Footprint=1206
Added Component: Designator=C9(1206)
Add component. Clean all parameters for all variants
Add component (AddParameter): Name = "Class I"; Value = "Passive"; VariantName = "[No Variations]"
Add component (AddParameter): Name = "Class II"; Value = "Capacitor"; VariantName = "[No Variations]"
Add component (AddParameter): Name = "Manufacturer"; Value = "Generic Components"; VariantName = "[No Variations]"
Add component (AddParameter): Name = "Published"; Value = "8-Jun-2000"; VariantName = "[No Variations]"
Add component (AddParameter): Name = "Publisher"; Value = "Altium Limited"; VariantName = "[No Variations]"
Add component (AddParameter): Name = "Revision"; Value = "July-2002: Re-released for DXP Platform."; VariantName = "[No Variations]"
Add component (AddParameter): Name = "Value"; Value = "100pF"; VariantName = "[No Variations]"
Added Component: Designator=C10(1206)
Add component. Clean all parameters for all variants
Add component (AddParameter): Name = "Class I"; Value = "Passive"; VariantName = "[No Variations]"
Add component (AddParameter): Name = "Class II"; Value = "Capacitor"; VariantName = "[No Variations]"
Add component (AddParameter): Name = "Manufacturer"; Value = "Generic Components"; VariantName = "[No Variations]"
Add component (AddParameter): Name = "Published"; Value = "8-Jun-2000"; VariantName = "[No Variations]"
Add component (AddParameter): Name = "Publisher"; Value = "Altium Limited"; VariantName = "[No Variations]"
Add component (AddParameter): Name = "Revision"; Value = "July-2002: Re-released for DXP Platform."; VariantName = "[No Variations]"
Add component (AddParameter): Name = "Value"; Value = "100pF"; VariantName = "[No Variations]"
Added Component: Designator=C15(1206)
Add component. Clean all parameters for all variants
Add component (AddParameter): Name = "Class I"; Value = "Passive"; VariantName = "[No Variations]"
Add component (AddParameter): Name = "Class II"; Value = "Capacitor"; VariantName = "[No Variations]"
Add component (AddParameter): Name = "Manufacturer"; Value = "Generic Components"; VariantName = "[No Variations]"
Add component (AddParameter): Name = "Published"; Value = "8-Jun-2000"; VariantName = "[No Variations]"
Add component (AddParameter): Name = "Publisher"; Value = "Altium Limited"; VariantName = "[No Variations]"
Add component (AddParameter): Name = "Revision"; Value = "July-2002: Re-released for DXP Platform."; VariantName = "[No Variations]"
Add component (AddParameter): Name = "Value"; Value = "100pF"; VariantName = "[No Variations]"
Added Component: Designator=C16(1206)
Add component. Clean all parameters for all variants
Add component (AddParameter): Name = "Class I"; Value = "Passive"; VariantName = "[No Variations]"
Add component (AddParameter): Name = "Class II"; Value = "Capacitor"; VariantName = "[No Variations]"
Add component (AddParameter): Name = "Manufacturer"; Value = "Generic Components"; VariantName = "[No Variations]"
Add component (AddParameter): Name = "Published"; Value = "8-Jun-2000"; VariantName = "[No Variations]"
Add component (AddParameter): Name = "Publisher"; Value = "Altium Limited"; VariantName = "[No Variations]"
Add component (AddParameter): Name = "Revision"; Value = "July-2002: Re-released for DXP Platform."; VariantName = "[No Variations]"
Add component (AddParameter): Name = "Value"; Value = "100pF"; VariantName = "[No Variations]"
Added Component: Designator=C25(1206)
Add component. Clean all parameters for all variants
Add component (AddParameter): Name = "Class I"; Value = "Passive"; VariantName = "[No Variations]"
Add component (AddParameter): Name = "Class II"; Value = "Capacitor"; VariantName = "[No Variations]"
Add component (AddParameter): Name = "Manufacturer"; Value = "Generic Components"; VariantName = "[No Variations]"
Add component (AddParameter): Name = "Published"; Value = "8-Jun-2000"; VariantName = "[No Variations]"
Add component (AddParameter): Name = "Publisher"; Value = "Altium Limited"; VariantName = "[No Variations]"
Add component (AddParameter): Name = "Revision"; Value = "July-2002: Re-released for DXP Platform."; VariantName = "[No Variations]"
Add component (AddParameter): Name = "Value"; Value = "100pF"; VariantName = "[No Variations]"
Added Component: Designator=C26(1206)
Add component. Clean all parameters for all variants
Add component (AddParameter): Name = "Class I"; Value = "Passive"; VariantName = "[No Variations]"
Add component (AddParameter): Name = "Class II"; Value = "Capacitor"; VariantName = "[No Variations]"
Add component (AddParameter): Name = "Manufacturer"; Value = "Generic Components"; VariantName = "[No Variations]"
Add component (AddParameter): Name = "Published"; Value = "8-Jun-2000"; VariantName = "[No Variations]"
Add component (AddParameter): Name = "Publisher"; Value = "Altium Limited"; VariantName = "[No Variations]"
Add component (AddParameter): Name = "Revision"; Value = "July-2002: Re-released for DXP Platform."; VariantName = "[No Variations]"
Add component (AddParameter): Name = "Value"; Value = "100pF"; VariantName = "[No Variations]"
Added Pin To Net: NetName=+9V Pin=C8-2
Added Pin To Net: NetName=GND Pin=C9-1
Added Pin To Net: NetName=-15V Pin=C9-2
Added Pin To Net: NetName=GND Pin=C10-1
Added Pin To Net: NetName=-9V Pin=C10-2
Added Pin To Net: NetName=GND Pin=C15-1
Added Pin To Net: NetName=-15V Pin=C15-2
Added Pin To Net: NetName=GND Pin=C16-1
Added Pin To Net: NetName=+15V Pin=C16-2
Added Pin To Net: NetName=GND Pin=C25-1
Added Pin To Net: NetName=-15V Pin=C25-2
Added Pin To Net: NetName=GND Pin=C26-1
Added Pin To Net: NetName=+15V Pin=C26-2
Added Member To Class: ClassName=CurrentS_2 Member=Component C9 CAP1
Added Member To Class: ClassName=CurrentS_2 Member=Component C10 CAP1
Added Member To Class: ClassName=CurrentS_2 Member=Component C15 CAP1
Added Member To Class: ClassName=CurrentS_2 Member=Component C16 CAP1
Added Member To Class: ClassName=CurrentS_2 Member=Component C25 CAP1
Added Member To Class: ClassName=CurrentS_2 Member=Component C26 CAP1
